0 info it worked if it ends with ok
1 verbose cli [ 'C:\\Program Files\\nodejs\\node.exe',
1 verbose cli   'C:\\Users\\Justin\\AppData\\Roaming\\npm\\node_modules\\npm\\bin\\npm-cli.js',
1 verbose cli   'run',
1 verbose cli   'startdev' ]
2 info using npm@4.0.5
3 info using node@v7.2.1
4 verbose run-script [ 'prestartdev', 'startdev', 'poststartdev' ]
5 info lifecycle ProtectorUser@~prestartdev: ProtectorUser@
6 silly lifecycle ProtectorUser@~prestartdev: no script for prestartdev, continuing
7 info lifecycle ProtectorUser@~startdev: ProtectorUser@
8 verbose lifecycle ProtectorUser@~startdev: unsafe-perm in lifecycle true
9 verbose lifecycle ProtectorUser@~startdev: PATH: C:\Users\Justin\AppData\Roaming\npm\node_modules\npm\bin\node-gyp-bin;C:\PU\node_modules\.bin;C:\Users\Justin\AppData\Local\Apps\2.0\CBAVE9BB.MQX\OXCXTV78.N2N\gith..tion_317444273a93ac29_0003.0003_665ccbdbd3c2d8d4\NativeBinaries\x86;C:\ProgramData\Oracle\Java\javapath;C:\Windows\system32;C:\Windows;C:\Windows\System32\Wbem;C:\Windows\System32\WindowsPowerShell\v1.0\;C:\Program Files (x86)\NVIDIA Corporation\PhysX\Common;%USERPROFILE%\.dnx\bin;C:\Program Files\Microsoft DNX\Dnvm\;C:\Program Files\Microsoft SQL Server\130\Tools\Binn\;C:\Program Files (x86)\Skype\Phone\;C:\WINDOWS\system32;C:\WINDOWS;C:\WINDOWS\System32\Wbem;C:\WINDOWS\System32\WindowsPowerShell\v1.0\;C:\Program Files\Git\cmd;C:\wamp64\bin\php\php7.0.10;C:\ProgramData\ComposerSetup\bin;C:\HashiCorp\Vagrant\bin;C:\Program Files (x86)\Heroku\bin;C:\Program Files (x86)\git\cmd;C:\Program Files (x86)\Git\cmd;C:\Program Files\nodejs\;C:\Users\Justin\AppData\Local\Microsoft\WindowsApps;C:\Users\Justin\AppData\Roaming\Composer\vendor\bin;C:\Users\Justin\AppData\Local\.meteor\;C:\Users\Justin\AppData\Local\atom\bin;C:\Users\Justin\AppData\Roaming\npm
10 verbose lifecycle ProtectorUser@~startdev: CWD: C:\PU
11 silly lifecycle ProtectorUser@~startdev: Args: [ '/d /s /c',
11 silly lifecycle   'meteor --settings private/settings-development.json' ]
12 verbose stack Error: kill ENOSYS
12 verbose stack     at exports._errnoException (util.js:1022:11)
12 verbose stack     at process.kill (internal/process.js:173:13)
12 verbose stack     at process.listener (C:\Users\Justin\AppData\Roaming\npm\node_modules\npm\node_modules\npmlog\node_modules\gauge\node_modules\signal-exit\index.js:86:15)
12 verbose stack     at emitNone (events.js:91:20)
12 verbose stack     at process.emit (events.js:185:7)
12 verbose stack     at processEmit (C:\Users\Justin\AppData\Roaming\npm\node_modules\npm\node_modules\npmlog\node_modules\gauge\node_modules\signal-exit\index.js:146:32)
12 verbose stack     at processEmit (C:\Users\Justin\AppData\Roaming\npm\node_modules\npm\node_modules\npm-registry-client\node_modules\npmlog\node_modules\gauge\node_modules\signal-exit\index.js:146:32)
12 verbose stack     at Signal.wrap.onsignal (internal/process.js:200:44)
13 verbose cwd C:\PU
14 error Windows_NT 10.0.14393
15 error argv "C:\\Program Files\\nodejs\\node.exe" "C:\\Users\\Justin\\AppData\\Roaming\\npm\\node_modules\\npm\\bin\\npm-cli.js" "run" "startdev"
16 error node v7.2.1
17 error npm  v4.0.5
18 error code ENOSYS
19 error errno ENOSYS
20 error syscall kill
21 error kill ENOSYS
22 error If you need help, you may report this error at:
22 error     <https://github.com/npm/npm/issues>
23 verbose exit [ 1, true ]
